Flow report for fast_serial
Sat Apr  4 18:12:00 2020
Quartus Prime Version 18.1.1 Build 646 04/11/2019 SJ Lite Edition


---------------------
; Table of Contents ;
---------------------
  1. Legal Notice
  2. Flow Summary
  3. Flow Settings
  4. Flow Non-Default Global Settings
  5. Flow Elapsed Time
  6. Flow OS Summary
  7. Flow Log
  8. Flow Messages
  9. Flow Suppressed Messages



----------------
; Legal Notice ;
----------------
Copyright (C) 2019  Intel Corporation. All rights reserved.
Your use of Intel Corporation's design tools, logic functions 
and other software and tools, and any partner logic 
functions, and any output files from any of the foregoing 
(including device programming or simulation files), and any 
associated documentation or information are expressly subject 
to the terms and conditions of the Intel Program License 
Subscription Agreement, the Intel Quartus Prime License Agreement,
the Intel FPGA IP License Agreement, or other applicable license
agreement, including, without limitation, that your use is for
the sole purpose of programming logic devices manufactured by
Intel and sold by Intel or its authorized distributors.  Please
refer to the applicable agreement for further details, at
https://fpgasoftware.intel.com/eula.



+----------------------------------------------------------------------------------+
; Flow Summary                                                                     ;
+------------------------------------+---------------------------------------------+
; Flow Status                        ; Successful - Sat Apr  4 18:12:00 2020       ;
; Quartus Prime Version              ; 18.1.1 Build 646 04/11/2019 SJ Lite Edition ;
; Revision Name                      ; fast_serial                                 ;
; Top-level Entity Name              ; fast_serial                                 ;
; Family                             ; Cyclone 10 LP                               ;
; Device                             ; 10CL025YU256C8G                             ;
; Timing Models                      ; Final                                       ;
; Total logic elements               ; 1,448 / 24,624 ( 6 % )                      ;
;     Total combinational functions  ; 1,425 / 24,624 ( 6 % )                      ;
;     Dedicated logic registers      ; 642 / 24,624 ( 3 % )                        ;
; Total registers                    ; 642                                         ;
; Total pins                         ; 22 / 151 ( 15 % )                           ;
; Total virtual pins                 ; 0                                           ;
; Total memory bits                  ; 0 / 608,256 ( 0 % )                         ;
; Embedded Multiplier 9-bit elements ; 0 / 132 ( 0 % )                             ;
; Total PLLs                         ; 1 / 4 ( 25 % )                              ;
+------------------------------------+---------------------------------------------+


+-----------------------------------------+
; Flow Settings                           ;
+-------------------+---------------------+
; Option            ; Setting             ;
+-------------------+---------------------+
; Start date & time ; 04/04/2020 18:11:34 ;
; Main task         ; Compilation         ;
; Revision Name     ; fast_serial         ;
+-------------------+---------------------+


+-------------------------------------------------------------------------------------------------------------------------------------------------------------------------------------+
; Flow Non-Default Global Settings                                                                                                                                                    ;
+-------------------------------------+----------------------------------------------------------------------+---------------+--------------------+-----------------------------------+
; Assignment Name                     ; Value                                                                ; Default Value ; Entity Name        ; Section Id                        ;
+-------------------------------------+----------------------------------------------------------------------+---------------+--------------------+-----------------------------------+
; COMPILER_SIGNATURE_ID               ; 233553518678991.158604189407477                                      ; --            ; --                 ; --                                ;
; EDA_GENERATE_FUNCTIONAL_NETLIST     ; Off                                                                  ; --            ; --                 ; eda_board_design_timing           ;
; EDA_GENERATE_FUNCTIONAL_NETLIST     ; Off                                                                  ; --            ; --                 ; eda_board_design_boundary_scan    ;
; EDA_GENERATE_FUNCTIONAL_NETLIST     ; Off                                                                  ; --            ; --                 ; eda_board_design_signal_integrity ;
; EDA_GENERATE_FUNCTIONAL_NETLIST     ; Off                                                                  ; --            ; --                 ; eda_board_design_symbol           ;
; EDA_OUTPUT_DATA_FORMAT              ; Verilog Hdl                                                          ; --            ; --                 ; eda_simulation                    ;
; EDA_SIMULATION_TOOL                 ; ModelSim-Altera (Verilog)                                            ; <None>        ; --                 ; --                                ;
; EDA_TIME_SCALE                      ; 1 ps                                                                 ; --            ; --                 ; eda_simulation                    ;
; ENABLE_SIGNALTAP                    ; On                                                                   ; --            ; --                 ; --                                ;
; MAX_CORE_JUNCTION_TEMP              ; 85                                                                   ; --            ; --                 ; --                                ;
; MIN_CORE_JUNCTION_TEMP              ; 0                                                                    ; --            ; --                 ; --                                ;
; MISC_FILE                           ; avalon_fast_serial/synthesis/../avalon_fast_serial.cmp               ; --            ; --                 ; --                                ;
; MISC_FILE                           ; avalon_fast_serial/synthesis/../../avalon_fast_serial.qsys           ; --            ; --                 ; --                                ;
; MISC_FILE                           ; PLL12.bsf                                                            ; --            ; --                 ; --                                ;
; MISC_FILE                           ; PLL12_inst.v                                                         ; --            ; --                 ; --                                ;
; MISC_FILE                           ; PLL12_bb.v                                                           ; --            ; --                 ; --                                ;
; MISC_FILE                           ; PLL12.ppf                                                            ; --            ; --                 ; --                                ;
; MISC_FILE                           ; PLL12_syn.v                                                          ; --            ; --                 ; --                                ;
; NOMINAL_CORE_SUPPLY_VOLTAGE         ; 1.2V                                                                 ; --            ; --                 ; --                                ;
; NUM_PARALLEL_PROCESSORS             ; 2                                                                    ; --            ; --                 ; --                                ;
; OUTPUT_IO_TIMING_FAR_END_VMEAS      ; Half Signal Swing                                                    ; --            ; --                 ; --                                ;
; OUTPUT_IO_TIMING_FAR_END_VMEAS      ; Half Signal Swing                                                    ; --            ; --                 ; --                                ;
; OUTPUT_IO_TIMING_NEAR_END_VMEAS     ; Half Vccio                                                           ; --            ; --                 ; --                                ;
; OUTPUT_IO_TIMING_NEAR_END_VMEAS     ; Half Vccio                                                           ; --            ; --                 ; --                                ;
; PARTITION_COLOR                     ; -- (Not supported for targeted family)                               ; --            ; --                 ; Top                               ;
; PARTITION_FITTER_PRESERVATION_LEVEL ; -- (Not supported for targeted family)                               ; --            ; --                 ; Top                               ;
; PARTITION_NETLIST_TYPE              ; -- (Not supported for targeted family)                               ; --            ; --                 ; Top                               ;
; POWER_BOARD_THERMAL_MODEL           ; None (CONSERVATIVE)                                                  ; --            ; --                 ; --                                ;
; POWER_PRESET_COOLING_SOLUTION       ; 23 MM HEAT SINK WITH 200 LFPM AIRFLOW                                ; --            ; --                 ; --                                ;
; PROJECT_OUTPUT_DIRECTORY            ; output_files                                                         ; --            ; --                 ; --                                ;
; SLD_FILE                            ; avalon_fast_serial/synthesis/avalon_fast_serial.regmap               ; --            ; --                 ; --                                ;
; SLD_FILE                            ; avalon_fast_serial/synthesis/avalon_fast_serial.debuginfo            ; --            ; --                 ; --                                ;
; SLD_INFO                            ; QSYS_NAME avalon_fast_serial HAS_SOPCINFO 1 GENERATION_ID 1586040497 ; --            ; avalon_fast_serial ; --                                ;
; SOPCINFO_FILE                       ; avalon_fast_serial/synthesis/../../avalon_fast_serial.sopcinfo       ; --            ; --                 ; --                                ;
; SYNTHESIS_ONLY_QIP                  ; On                                                                   ; --            ; --                 ; --                                ;
; USE_SIGNALTAP_FILE                  ; stp1.stp                                                             ; --            ; --                 ; --                                ;
+-------------------------------------+----------------------------------------------------------------------+---------------+--------------------+-----------------------------------+


+--------------------------------------------------------------------------------------------------------------------------+
; Flow Elapsed Time                                                                                                        ;
+----------------------+--------------+-------------------------+---------------------+------------------------------------+
; Module Name          ; Elapsed Time ; Average Processors Used ; Peak Virtual Memory ; Total CPU Time (on all processors) ;
+----------------------+--------------+-------------------------+---------------------+------------------------------------+
; Analysis & Synthesis ; 00:00:13     ; 1.0                     ; 966 MB              ; 00:00:27                           ;
; Fitter               ; 00:00:07     ; 1.1                     ; 1271 MB             ; 00:00:09                           ;
; Assembler            ; 00:00:01     ; 1.0                     ; 839 MB              ; 00:00:01                           ;
; Timing Analyzer      ; 00:00:02     ; 1.1                     ; 837 MB              ; 00:00:02                           ;
; EDA Netlist Writer   ; 00:00:00     ; 1.0                     ; 1069 MB             ; 00:00:01                           ;
; Total                ; 00:00:23     ; --                      ; --                  ; 00:00:40                           ;
+----------------------+--------------+-------------------------+---------------------+------------------------------------+


+----------------------------------------------------------------------------------------+
; Flow OS Summary                                                                        ;
+----------------------+------------------+----------------+------------+----------------+
; Module Name          ; Machine Hostname ; OS Name        ; OS Version ; Processor type ;
+----------------------+------------------+----------------+------------+----------------+
; Analysis & Synthesis ; hp               ; Ubuntu 18.04.4 ; 18         ; x86_64         ;
; Fitter               ; hp               ; Ubuntu 18.04.4 ; 18         ; x86_64         ;
; Assembler            ; hp               ; Ubuntu 18.04.4 ; 18         ; x86_64         ;
; Timing Analyzer      ; hp               ; Ubuntu 18.04.4 ; 18         ; x86_64         ;
; EDA Netlist Writer   ; hp               ; Ubuntu 18.04.4 ; 18         ; x86_64         ;
+----------------------+------------------+----------------+------------+----------------+


------------
; Flow Log ;
------------
quartus_map --read_settings_files=on --write_settings_files=off fast_serial -c fast_serial
quartus_fit --read_settings_files=off --write_settings_files=off fast_serial -c fast_serial
quartus_asm --read_settings_files=off --write_settings_files=off fast_serial -c fast_serial
quartus_sta fast_serial -c fast_serial
quartus_eda --read_settings_files=off --write_settings_files=off fast_serial -c fast_serial



